SF:lib/core/data/https/exception.dart
DA:6,5
DA:15,4
DA:21,0
DA:27,1
DA:28,1
LF:5
LH:4
end_of_record
SF:lib/features/cat_breeds/data/data_sources/data_sources_data_const.dart
DA:10,1
DA:13,2
DA:19,1
LF:3
LH:3
end_of_record
SF:lib/features/cat_breeds/data/data_sources/remote/cat_breed_service.dart
DA:28,1
DA:32,1
DA:38,1
DA:39,2
DA:40,1
DA:41,1
DA:42,1
DA:43,1
DA:44,1
DA:45,1
DA:50,2
DA:52,2
DA:53,1
DA:54,3
DA:55,1
DA:56,0
DA:58,1
DA:59,2
DA:60,1
DA:61,2
DA:62,2
DA:65,1
DA:68,1
DA:72,1
DA:73,1
DA:74,1
DA:80,1
DA:81,1
DA:82,1
DA:83,1
DA:86,2
DA:88,2
DA:89,2
LF:33
LH:32
end_of_record
SF:lib/features/cat_breeds/data/dto/cat_breed_dto.dart
DA:38,1
DA:39,1
LF:2
LH:2
end_of_record
SF:lib/features/cat_breeds/data/dto/cat_breed_dto.g.dart
DA:9,1
DA:10,1
DA:11,1
DA:12,1
DA:13,1
DA:14,1
DA:15,1
DA:16,1
DA:17,1
DA:18,1
DA:21,0
DA:22,0
DA:23,0
DA:24,0
DA:25,0
DA:26,0
DA:27,0
DA:28,0
DA:29,0
DA:30,0
LF:20
LH:10
end_of_record
SF:lib/core/data/data_sources/base_data_source.dart
DA:12,0
DA:13,0
DA:22,1
DA:24,1
DA:25,1
DA:26,0
DA:30,0
DA:32,0
DA:33,0
DA:34,0
DA:36,0
DA:37,0
DA:41,2
LF:13
LH:4
end_of_record
SF:lib/core/di/di.dart
DA:9,0
DA:12,0
DA:13,0
DA:19,0
DA:20,0
DA:23,0
DA:24,0
LF:7
LH:0
end_of_record
SF:lib/core/shared/router/router_app.dart
DA:39,0
DA:45,0
DA:46,0
DA:49,0
DA:50,0
LF:5
LH:0
end_of_record
SF:lib/features/cat_breeds/data/repositories/cat_breed_repository_impl.dart
DA:12,1
DA:16,1
DA:22,2
DA:27,3
LF:4
LH:4
end_of_record
SF:lib/features/cat_breeds/domain/use_cases/get_cat_breeds_use_case.dart
DA:13,1
DA:16,1
DA:18,2
DA:19,1
DA:20,1
DA:21,1
DA:28,2
LF:7
LH:7
end_of_record
SF:lib/core/shared/dio/dio_client.dart
DA:12,0
DA:18,0
DA:22,0
DA:23,0
DA:30,0
DA:34,0
DA:35,0
DA:39,0
DA:45,0
DA:49,0
DA:51,0
DA:56,0
LF:12
LH:0
end_of_record
SF:lib/core/domain/entities/base_data.dart
DA:15,3
LF:1
LH:1
end_of_record
SF:lib/core/presentation/pages/base_page.dart
DA:10,0
DA:46,0
DA:48,0
DA:49,0
DA:50,0
DA:51,0
DA:52,0
DA:53,0
DA:54,0
DA:55,0
DA:58,0
DA:59,0
DA:60,0
DA:62,0
DA:69,0
DA:70,0
DA:72,0
DA:77,0
DA:78,0
DA:79,0
DA:80,0
DA:81,0
DA:83,0
DA:85,0
DA:87,0
DA:93,0
DA:95,0
DA:96,0
LF:28
LH:0
end_of_record
SF:lib/core/presentation/widgets/circular_progress_indicator_widget.dart
DA:40,8
DA:107,0
DA:108,0
DA:109,0
DA:110,0
DA:111,0
DA:114,0
DA:116,0
DA:117,0
DA:121,0
DA:125,0
DA:126,0
DA:127,0
DA:129,0
DA:130,0
DA:138,0
DA:175,0
DA:177,0
DA:178,0
DA:179,0
DA:180,0
DA:182,0
DA:184,0
DA:185,0
DA:190,0
DA:191,0
DA:192,0
DA:194,0
DA:198,0
DA:201,0
DA:202,0
DA:204,0
DA:206,0
DA:208,0
DA:210,0
DA:212,0
DA:213,0
DA:217,0
DA:219,0
DA:220,0
DA:221,0
DA:222,0
DA:223,0
DA:265,0
DA:274,0
DA:284,0
DA:285,0
DA:296,0
DA:298,0
DA:306,0
DA:308,0
DA:309,0
DA:313,0
DA:314,0
DA:318,0
DA:320,0
DA:321,0
DA:322,0
DA:323,0
DA:324,0
DA:328,0
DA:330,0
DA:331,0
DA:334,0
DA:337,0
DA:338,0
DA:339,0
DA:340,0
DA:342,0
DA:344,0
DA:346,0
DA:347,0
DA:351,0
DA:352,0
DA:354,0
DA:355,0
DA:365,0
DA:367,0
DA:369,0
DA:370,0
DA:373,0
DA:374,0
DA:375,0
DA:376,0
DA:383,0
DA:394,0
DA:395,0
DA:396,0
DA:397,0
DA:399,0
DA:400,0
DA:401,0
DA:421,0
DA:423,0
DA:424,0
DA:425,0
DA:426,0
DA:427,0
DA:428,0
DA:429,0
DA:430,0
DA:431,0
DA:432,0
DA:437,0
DA:440,0
DA:443,0
DA:445,0
DA:446,0
DA:447,0
DA:448,0
DA:449,0
DA:450,0
DA:451,0
DA:452,0
DA:492,8
DA:511,0
DA:530,0
DA:531,0
DA:536,0
DA:538,0
DA:547,0
DA:549,0
DA:552,0
DA:554,0
DA:557,0
DA:558,0
DA:559,0
DA:560,0
DA:564,0
DA:566,0
DA:567,0
DA:571,0
DA:572,0
DA:576,0
DA:578,0
DA:579,0
DA:580,0
DA:581,0
DA:582,0
DA:586,0
DA:588,0
DA:589,0
DA:592,0
DA:593,0
DA:594,0
DA:597,0
DA:599,0
DA:600,0
DA:602,0
DA:604,0
DA:609,0
DA:610,0
DA:612,0
DA:613,0
DA:619,0
DA:626,0
DA:627,0
DA:628,0
DA:629,0
DA:630,0
DA:632,0
DA:633,0
DA:634,0
DA:635,0
DA:641,0
DA:643,0
DA:644,0
DA:645,0
DA:646,0
DA:648,0
DA:649,0
DA:650,0
DA:651,0
DA:652,0
DA:653,0
DA:654,0
DA:655,0
DA:656,0
DA:657,0
DA:658,0
DA:659,0
DA:660,0
DA:662,0
DA:670,0
DA:683,0
DA:686,0
DA:687,0
DA:688,0
DA:690,0
DA:691,0
DA:693,0
DA:695,0
DA:696,0
DA:697,0
DA:698,0
DA:700,0
DA:701,0
DA:702,0
DA:703,0
DA:704,0
DA:705,0
DA:706,0
DA:707,0
DA:708,0
DA:709,0
DA:712,0
DA:714,0
DA:715,0
DA:716,0
DA:741,0
DA:764,0
DA:765,0
DA:767,0
DA:769,0
DA:808,0
DA:810,0
DA:812,0
DA:813,0
DA:814,0
DA:816,0
DA:819,0
DA:821,0
DA:822,0
DA:823,0
DA:824,0
DA:827,0
DA:828,0
DA:829,0
DA:830,0
DA:831,0
DA:832,0
DA:833,0
DA:834,0
DA:835,0
DA:841,0
DA:844,0
DA:847,0
DA:850,0
DA:854,0
DA:857,0
DA:858,0
DA:859,0
DA:861,0
DA:862,0
DA:863,0
DA:865,0
DA:867,0
DA:871,0
DA:875,0
DA:877,0
DA:879,0
DA:881,0
DA:882,0
DA:889,0
LF:254
LH:2
end_of_record
SF:lib/core/presentation/widgets/text_button_widget.dart
DA:6,0
DA:38,0
DA:40,0
DA:42,0
DA:44,0
DA:45,0
DA:46,0
DA:47,0
DA:48,0
DA:49,0
DA:50,0
DA:52,0
DA:54,0
DA:55,0
DA:56,0
DA:57,0
DA:58,0
DA:59,0
DA:60,0
DA:62,0
DA:68,0
DA:69,0
DA:70,0
DA:71,0
LF:24
LH:0
end_of_record
SF:lib/core/shared/constants/assets_image_constant.dart
DA:5,0
DA:6,0
DA:11,0
DA:12,0
LF:4
LH:0
end_of_record
SF:lib/core/shared/dio/dio_logger.dart
DA:11,0
DA:58,0
DA:60,0
DA:61,0
DA:63,0
DA:64,0
DA:65,0
DA:66,0
DA:67,0
DA:68,0
DA:69,0
DA:70,0
DA:71,0
DA:72,0
DA:74,0
DA:75,0
DA:77,0
DA:78,0
DA:79,0
DA:80,0
DA:81,0
DA:82,0
DA:84,0
DA:88,0
DA:91,0
DA:93,0
DA:94,0
DA:95,0
DA:96,0
DA:98,0
DA:99,0
DA:101,0
DA:102,0
DA:103,0
DA:105,0
DA:106,0
DA:108,0
DA:111,0
DA:114,0
DA:116,0
DA:117,0
DA:118,0
DA:119,0
DA:120,0
DA:121,0
DA:124,0
DA:125,0
DA:126,0
DA:127,0
DA:128,0
DA:129,0
DA:131,0
DA:134,0
DA:135,0
DA:136,0
DA:137,0
DA:138,0
DA:141,0
DA:142,0
DA:143,0
DA:144,0
DA:145,0
DA:146,0
DA:147,0
DA:148,0
DA:150,0
DA:155,0
DA:156,0
DA:157,0
DA:158,0
DA:160,0
DA:161,0
DA:165,0
DA:166,0
DA:167,0
DA:168,0
DA:169,0
DA:170,0
DA:171,0
DA:174,0
DA:175,0
DA:177,0
DA:178,0
DA:179,0
DA:181,0
DA:182,0
DA:183,0
DA:185,0
DA:189,0
DA:190,0
DA:191,0
DA:192,0
DA:193,0
DA:194,0
DA:195,0
DA:196,0
DA:202,0
DA:204,0
DA:211,0
DA:212,0
DA:213,0
DA:215,0
DA:217,0
DA:218,0
DA:219,0
DA:220,0
DA:221,0
DA:223,0
DA:224,0
DA:225,0
DA:227,0
DA:228,0
DA:230,0
DA:231,0
DA:232,0
DA:234,0
DA:235,0
DA:236,0
DA:239,0
DA:240,0
DA:241,0
DA:242,0
DA:243,0
DA:244,0
DA:245,0
DA:246,0
DA:250,0
DA:255,0
DA:258,0
DA:259,0
DA:260,0
DA:261,0
DA:262,0
DA:263,0
DA:265,0
DA:268,0
DA:273,0
DA:274,0
DA:275,0
DA:276,0
DA:277,0
DA:280,0
DA:281,0
DA:284,0
DA:285,0
DA:286,0
DA:287,0
DA:288,0
DA:290,0
LF:149
LH:0
end_of_record
SF:lib/core/shared/l10n/l10n.dart
DA:7,0
LF:1
LH:0
end_of_record
SF:lib/features/cat_breeds/presentation/pages/cat_breed_list_page.dart
DA:24,4
DA:26,0
DA:27,0
DA:41,0
DA:43,0
DA:44,0
DA:45,0
DA:48,0
DA:49,0
DA:51,0
DA:52,0
DA:53,0
DA:54,0
DA:57,0
DA:61,0
DA:62,0
DA:65,0
DA:67,0
DA:68,0
DA:69,0
DA:70,0
DA:71,0
DA:72,0
DA:73,0
DA:76,0
DA:77,0
DA:80,0
DA:82,0
DA:84,0
DA:85,0
DA:86,0
DA:87,0
DA:88,0
DA:89,0
DA:94,0
DA:95,0
DA:97,0
DA:98,0
DA:99,0
DA:101,0
DA:103,0
DA:104,0
DA:105,0
DA:106,0
DA:107,0
DA:108,0
DA:109,0
DA:110,0
DA:113,0
DA:116,0
DA:117,0
DA:119,0
DA:120,0
DA:121,0
DA:124,0
DA:126,0
DA:129,0
DA:130,0
DA:145,0
DA:156,0
DA:158,0
DA:160,0
DA:163,0
DA:164,0
DA:166,0
DA:168,0
DA:169,0
DA:170,0
DA:171,0
DA:172,0
DA:173,0
DA:175,0
DA:176,0
DA:177,0
DA:179,0
DA:182,0
DA:183,0
DA:188,0
DA:198,0
DA:207,0
DA:209,0
DA:210,0
DA:211,0
DA:212,0
DA:213,0
DA:215,0
DA:216,0
DA:218,0
DA:231,0
DA:239,4
DA:241,0
DA:243,0
DA:244,0
DA:245,0
DA:246,0
DA:247,0
DA:252,0
DA:254,0
DA:255,0
DA:256,0
DA:257,0
DA:258,0
DA:271,4
DA:273,0
DA:275,0
DA:276,0
LF:106
LH:3
end_of_record
SF:lib/features/cat_breeds/application/notifiers/cat_breed_notifier.dart
DA:12,1
DA:17,0
DA:31,1
DA:33,1
DA:41,1
DA:42,1
DA:43,2
DA:44,1
DA:45,1
DA:46,1
DA:50,1
DA:51,2
DA:52,4
DA:53,3
DA:54,1
DA:63,1
DA:64,2
DA:65,1
DA:66,2
DA:69,2
DA:70,1
DA:71,1
DA:72,1
DA:75,1
DA:77,4
DA:78,1
DA:81,2
DA:82,3
DA:84,0
DA:86,1
DA:93,0
DA:94,0
DA:95,0
DA:96,0
DA:97,0
DA:100,0
DA:101,0
DA:102,0
DA:103,0
DA:104,0
DA:107,0
DA:108,0
DA:109,0
DA:110,0
DA:112,0
LF:45
LH:28
end_of_record
SF:lib/features/cat_breeds/domain/entities/cat_breed.dart
DA:30,3
LF:1
LH:1
end_of_record
SF:lib/features/cat_breeds/application/providers/providers.dart
DA:9,2
DA:10,1
DA:11,0
LF:3
LH:2
end_of_record
SF:lib/features/cat_breeds/data/mapper/mapper_domain.dart
DA:9,0
DA:10,0
DA:17,5
DA:23,2
DA:24,1
DA:25,1
DA:26,1
DA:27,1
DA:28,1
DA:29,1
DA:30,1
DA:31,1
LF:12
LH:10
end_of_record
SF:lib/features/cat_breeds/presentation/widgets/cat_breed_card.dart
DA:17,0
DA:20,0
DA:22,0
DA:26,0
DA:28,0
DA:29,0
DA:31,0
DA:33,0
DA:35,0
DA:36,0
DA:42,0
DA:43,0
DA:44,0
DA:46,0
DA:49,0
DA:50,0
DA:52,0
DA:53,0
DA:54,0
DA:60,0
DA:61,0
DA:73,0
DA:75,0
DA:77,0
DA:79,0
DA:94,0
DA:95,0
DA:96,0
DA:97,0
DA:102,0
DA:103,0
DA:104,0
DA:105,0
DA:116,0
DA:117,0
DA:118,0
DA:119,0
DA:130,0
DA:133,0
DA:134,0
DA:135,0
DA:136,0
DA:137,0
DA:138,0
DA:139,0
DA:142,0
DA:143,0
DA:144,0
DA:146,0
DA:148,0
DA:156,0
DA:158,0
DA:159,0
DA:160,0
DA:161,0
DA:162,0
DA:172,0
DA:177,0
DA:178,0
DA:188,0
DA:195,0
DA:196,0
DA:197,0
DA:208,0
DA:214,0
DA:215,0
DA:216,0
DA:218,0
DA:219,0
DA:227,0
DA:233,0
DA:234,0
DA:235,0
DA:237,0
DA:238,0
DA:246,0
LF:76
LH:0
end_of_record
